<?xml version="1.0" encoding="UTF-8"?>
<!-- Generated by org.testng.reporters.JUnitReportReporter -->
<testsuite hostname="DESKTOP-BN3PUO8" failures="0" tests="1" name="hooks.Login" time="9.795" errors="0" timestamp="2024-01-03T12:34:07 IST" skipped="0">
  <testcase classname="hooks.Login" name="setUp" time="9.795"/>
  <system-out/>
</testsuite> <!-- hooks.Login -->
