<?xml version="1.0" encoding="UTF-8"?>
<!-- Generated by org.testng.reporters.JUnitReportReporter -->
<testsuite hostname="Nasar-MacBook-Air.local" failures="0" tests="5" name="runner.RunTest" time="20.912" errors="0" timestamp="2024-01-28T18:18:42 IST" skipped="0">
  <testcase classname="runner.RunTest" name="runScenario" time="3.283"/>
  <system-out/>
  <testcase classname="runner.RunTest" name="runScenario" time="2.613"/>
  <system-out/>
  <testcase classname="runner.RunTest" name="runScenario" time="8.425"/>
  <system-out/>
  <testcase classname="runner.RunTest" name="runScenario" time="2.191"/>
  <system-out/>
  <testcase classname="runner.RunTest" name="runScenario" time="4.400"/>
  <system-out/>
</testsuite> <!-- runner.RunTest -->
