<?xml version="1.0" encoding="UTF-8"?>
<!-- Generated by org.testng.reporters.JUnitReportReporter -->
<testsuite hostname="Nasar-MacBook-Air.local" failures="0" tests="6" name="runner.RunTest" time="22.931" errors="0" timestamp="2024-01-28T18:32:20 IST" skipped="0">
  <testcase classname="runner.RunTest" name="runScenario" time="2.552"/>
  <system-out/>
  <testcase classname="runner.RunTest" name="runScenario" time="3.487"/>
  <system-out/>
  <testcase classname="runner.RunTest" name="runScenario" time="3.130"/>
  <system-out/>
  <testcase classname="runner.RunTest" name="runScenario" time="8.096"/>
  <system-out/>
  <testcase classname="runner.RunTest" name="runScenario" time="2.961"/>
  <system-out/>
  <testcase classname="runner.RunTest" name="runScenario" time="2.705"/>
  <system-out/>
</testsuite> <!-- runner.RunTest -->
