<?xml version="1.0" encoding="UTF-8"?>
<!-- Generated by org.testng.reporters.JUnitReportReporter -->
<testsuite hostname="Nasar-MacBook-Air.local" failures="0" tests="5" name="services.IncidentTests" time="17.386" errors="0" timestamp="2024-01-28T18:32:19 IST" skipped="0">
  <testcase classname="services.IncidentTests" name="updateIncident" time="3.488"/>
  <system-out/>
  <testcase classname="services.IncidentTests" name="getIncidents" time="6.200"/>
  <system-out/>
  <testcase classname="services.IncidentTests" name="createIncident" time="2.418"/>
  <system-out/>
  <testcase classname="services.IncidentTests" name="getAllIncidents" time="2.498"/>
  <system-out/>
  <testcase classname="services.IncidentTests" name="deleteIncident" time="2.782"/>
  <system-out/>
</testsuite> <!-- services.IncidentTests -->
